20:28:28: Creating resource group General
20:28:28: Creating resource group Internal
20:28:28: Creating resource group Autodetect
20:28:28: SceneManagerFactory for type 'DefaultSceneManager' registered.
20:28:28: Registering ResourceManager for type Material
20:28:28: Registering ResourceManager for type Mesh
20:28:28: Registering ResourceManager for type Skeleton
20:28:28: MovableObjectFactory for type 'ParticleSystem' registered.
20:28:28: ArchiveFactory for archive type FileSystem registered.
20:28:28: ArchiveFactory for archive type Zip registered.
20:28:28: ArchiveFactory for archive type EmbeddedZip registered.
20:28:28: DDS codec registering
20:28:28: FreeImage version: 3.15.3
20:28:28: This program uses FreeImage, a free, open source image library supporting all common bitmap formats. See http://freeimage.sourceforge.net for details
20:28:28: Supported formats: bmp,ico,jpg,jif,jpeg,jpe,jng,koa,iff,lbm,mng,pbm,pbm,pcd,pcx,pgm,pgm,png,ppm,ppm,ras,tga,targa,tif,tiff,wap,wbmp,wbm,psd,cut,xbm,xpm,gif,hdr,g3,sgi,exr,j2k,j2c,jp2,pfm,pct,pict,pic
20:28:28: Registering ResourceManager for type HighLevelGpuProgram
20:28:28: Registering ResourceManager for type Compositor
20:28:28: MovableObjectFactory for type 'Entity' registered.
20:28:28: MovableObjectFactory for type 'Light' registered.
20:28:28: MovableObjectFactory for type 'BillboardSet' registered.
20:28:28: MovableObjectFactory for type 'ManualObject' registered.
20:28:28: MovableObjectFactory for type 'BillboardChain' registered.
20:28:28: MovableObjectFactory for type 'RibbonTrail' registered.
20:28:28: Loading library .\RenderSystem_GL
20:28:28: Installing plugin: GL RenderSystem
20:28:28: OpenGL Rendering Subsystem created.
20:28:28: Plugin successfully installed
20:28:28: Loading library .\Plugin_ParticleFX
20:28:28: Installing plugin: ParticleFX
20:28:28: Particle Emitter Type 'Point' registered
20:28:28: Particle Emitter Type 'Box' registered
20:28:28: Particle Emitter Type 'Ellipsoid' registered
20:28:28: Particle Emitter Type 'Cylinder' registered
20:28:28: Particle Emitter Type 'Ring' registered
20:28:28: Particle Emitter Type 'HollowEllipsoid' registered
20:28:28: Particle Affector Type 'LinearForce' registered
20:28:28: Particle Affector Type 'ColourFader' registered
20:28:28: Particle Affector Type 'ColourFader2' registered
20:28:28: Particle Affector Type 'ColourImage' registered
20:28:28: Particle Affector Type 'ColourInterpolator' registered
20:28:28: Particle Affector Type 'Scaler' registered
20:28:28: Particle Affector Type 'Rotator' registered
20:28:28: Particle Affector Type 'DirectionRandomiser' registered
20:28:28: Particle Affector Type 'DeflectorPlane' registered
20:28:28: Plugin successfully installed
20:28:28: *-*-* OGRE Initialising
20:28:28: *-*-* Version 1.9.0 (Ghadamon)
20:28:28: Creating resource group Equity_Resource_Group
20:28:28: Creating resource group App_Resource_Group
20:28:28: Added resource location 'Media/Core_Data/OgreCore.zip' of type 'Zip' to resource group 'App_Resource_Group'
20:28:28: Added resource location 'C:/Users/Equity/Desktop/GD_SB/Bin/Tools/Media/App_Resources' of type 'FileSystem' to resource group 'App_Resource_Group'
20:28:28: Added resource location 'Media/Core_Data/Equity.zip' of type 'Zip' to resource group 'App_Resource_Group'
20:28:28: Added resource location 'Media/Core_Data/GDCore.zip' of type 'Zip' to resource group 'App_Resource_Group'
20:28:28: Added resource location 'Media/Core_Data/Panels.zip' of type 'Zip' to resource group 'App_Resource_Group'
20:28:28: Added resource location 'C:/Users/Equity/Desktop/GD_SB/Bin/Tools/Media/Zipper' of type 'FileSystem' to resource group 'App_Resource_Group'
20:28:28: Added resource location 'C:/Users/Equity/Desktop/GD_SB/Bin/Tools/Media/fonts' of type 'FileSystem' to resource group 'App_Resource_Group'
20:28:28: Added resource location 'C:/Users/Equity/Desktop/GD_SB/Bin/Tools/Media/Particles' of type 'FileSystem' to resource group 'App_Resource_Group'
20:28:28: CPU Identifier & Features
20:28:28: -------------------------
20:28:28:  *   CPU ID: GenuineIntel: Intel(R) Core(TM) i7-3630QM CPU @ 2.40GHz
20:28:28:  *      SSE: yes
20:28:28:  *     SSE2: yes
20:28:28:  *     SSE3: yes
20:28:28:  *      MMX: yes
20:28:28:  *   MMXEXT: yes
20:28:28:  *    3DNOW: no
20:28:28:  * 3DNOWEXT: no
20:28:28:  *     CMOV: yes
20:28:28:  *      TSC: yes
20:28:28:  *      FPU: yes
20:28:28:  *      PRO: yes
20:28:28:  *       HT: no
20:28:28: -------------------------
20:28:28: *** Starting Win32GL Subsystem ***
20:28:28: Registering ResourceManager for type Texture
20:28:28: GLRenderSystem::_createRenderWindow "Main RenderWindow", 1024x768 windowed  miscParams: externalWindowHandle=21300430 
20:28:28: GL_VERSION = 4.0.0 - Build 10.18.10.4358
20:28:28: GL_VENDOR = Intel
20:28:28: GL_RENDERER = Intel(R) HD Graphics 4000
20:28:28: GL_EXTENSIONS = GL_EXT_blend_minmax GL_EXT_blend_subtract GL_EXT_blend_color GL_EXT_abgr GL_EXT_texture3D GL_EXT_clip_volume_hint GL_EXT_compiled_vertex_array GL_SGIS_texture_edge_clamp GL_SGIS_generate_mipmap GL_EXT_draw_range_elements GL_SGIS_texture_lod GL_EXT_rescale_normal GL_EXT_packed_pixels GL_EXT_texture_edge_clamp GL_EXT_separate_specular_color GL_ARB_multitexture GL_ARB_map_buffer_alignment GL_ARB_conservative_depth GL_EXT_texture_env_combine GL_EXT_bgra GL_EXT_blend_func_separate GL_EXT_secondary_color GL_EXT_fog_coord GL_EXT_texture_env_add GL_ARB_texture_cube_map GL_ARB_transpose_matrix GL_ARB_internalformat_query GL_ARB_internalformat_query2 GL_ARB_texture_env_add GL_IBM_texture_mirrored_repeat GL_EXT_multi_draw_arrays GL_SUN_multi_draw_arrays GL_NV_blend_square GL_ARB_texture_compression GL_3DFX_texture_compression_FXT1 GL_EXT_texture_filter_anisotropic GL_ARB_texture_border_clamp GL_ARB_point_parameters GL_ARB_texture_env_combine GL_ARB_texture_env_dot3 GL_ARB_texture_env_crossbar GL_EXT_texture_compression_s3tc GL_ARB_shadow GL_ARB_window_pos GL_EXT_shadow_funcs GL_EXT_stencil_wrap GL_ARB_vertex_program GL_EXT_texture_rectangle GL_ARB_fragment_program GL_EXT_stencil_two_side GL_ATI_separate_stencil GL_ARB_vertex_buffer_object GL_EXT_texture_lod_bias GL_ARB_occlusion_query GL_ARB_fragment_shader GL_ARB_shader_objects GL_ARB_shading_language_100 GL_ARB_texture_non_power_of_two GL_ARB_vertex_shader GL_NV_texgen_reflection GL_ARB_point_sprite GL_ARB_fragment_program_shadow GL_EXT_blend_equation_separate GL_ARB_depth_texture GL_ARB_texture_rectangle GL_ARB_draw_buffers GL_ARB_color_buffer_float GL_ARB_half_float_pixel GL_ARB_texture_float GL_ARB_pixel_buffer_object GL_EXT_framebuffer_object GL_ARB_draw_instanced GL_ARB_half_float_vertex GL_ARB_occlusion_query2 GL_EXT_draw_buffers2 GL_WIN_swap_hint GL_EXT_texture_sRGB GL_ARB_multisample GL_EXT_packed_float GL_EXT_texture_shared_exponent GL_ARB_texture_rg GL_ARB_texture_compression_rgtc GL_NV_conditional_render GL_ARB_texture_swizzle GL_EXT_texture_swizzle GL_ARB_texture_gather GL_ARB_sync GL_ARB_framebuffer_sRGB GL_EXT_packed_depth_stencil GL_ARB_depth_buffer_float GL_EXT_transform_feedback GL_ARB_transform_feedback2 GL_ARB_draw_indirect GL_EXT_framebuffer_blit GL_EXT_framebuffer_multisample GL_ARB_framebuffer_object GL_ARB_framebuffer_no_attachments GL_EXT_texture_array GL_EXT_texture_integer GL_ARB_map_buffer_range GL_ARB_texture_buffer_range GL_EXT_texture_buffer GL_EXT_texture_snorm GL_ARB_blend_func_extended GL_INTEL_performance_queries GL_INTEL_performance_query GL_ARB_copy_buffer GL_ARB_sampler_objects GL_NV_primitive_restart GL_ARB_seamless_cube_map GL_ARB_uniform_buffer_object GL_ARB_depth_clamp GL_ARB_vertex_array_bgra GL_ARB_shader_bit_encoding GL_ARB_draw_buffers_blend GL_ARB_geometry_shader4 GL_EXT_geometry_shader4 GL_ARB_texture_query_lod GL_ARB_explicit_attrib_location GL_ARB_draw_elements_base_vertex GL_ARB_instanced_arrays GL_ARB_base_instance GL_ARB_fragment_coord_conventions GL_EXT_gpu_program_parameters GL_ARB_texture_buffer_object_rgb32 GL_ARB_compatibility GL_ARB_texture_rgb10_a2ui GL_ARB_texture_multisample GL_ARB_vertex_type_2_10_10_10_rev GL_ARB_timer_query GL_ARB_tessellation_shader GL_ARB_vertex_array_object GL_ARB_provoking_vertex GL_ARB_sample_shading GL_ARB_texture_cube_map_array GL_EXT_gpu_shader4 GL_ARB_gpu_shader5 GL_ARB_gpu_shader_fp64 GL_ARB_shader_subroutine GL_ARB_transform_feedback3 GL_ARB_get_program_binary GL_ARB_separate_shader_objects GL_ARB_shader_precision GL_ARB_vertex_attrib_64bit GL_ARB_viewport_array GL_ARB_transform_feedback_instanced GL_ARB_compressed_texture_pixel_storage GL_ARB_shader_atomic_counters GL_ARB_shading_language_packing GL_ARB_shading_language_420pack GL_ARB_texture_storage GL_EXT_texture_storage GL_ARB_vertex_attrib_binding GL_ARB_multi_draw_indirect GL_ARB_program_interface_query GL_ARB_texture_storage_multisample GL_ARB_buffer_storage GL_ARB_debug_output GL_KHR_debug GL_ARB_arrays_of_arrays GL_INTEL_map_texture GL_ARB_texture_compression_bptc GL_ARB_ES2_compatibility GL_ARB_ES3_compatibility GL_ARB_robustness GL_EXT_texture_sRGB_decode GL_KHR_blend_equation_advanced GL_EXT_shader_integer_mix GL_ARB_stencil_texturing 
20:28:28: Supported WGL extensions: WGL_EXT_depth_float WGL_ARB_buffer_region WGL_ARB_extensions_string WGL_ARB_make_current_read WGL_ARB_pixel_format WGL_ARB_pbuffer WGL_EXT_extensions_string WGL_EXT_swap_control WGL_EXT_swap_control_tear WGL_ARB_multisample WGL_ARB_pixel_format_float WGL_ARB_framebuffer_sRGB WGL_ARB_create_context WGL_ARB_create_context_profile WGL_EXT_pixel_format_packed_float WGL_EXT_create_context_es_profile WGL_EXT_create_context_es2_profile WGL_NV_DX_interop WGL_ARB_create_context_robustness 
20:28:28: ***************************
20:28:28: *** GL Renderer Started ***
20:28:28: ***************************
20:28:28: Registering ResourceManager for type GpuProgram
20:28:28: GLSL support detected
20:28:28: GL: Using GL_EXT_framebuffer_object for rendering to textures (best)
20:28:28: FBO PF_UNKNOWN depth/stencil support: D0S1 D0S4 D0S8 D0S16 D16S0 D16S1 D16S4 D16S8 D16S16 D24S0 D24S1 D24S4 D24S8 D24S16 D32S0 D32S1 D32S4 D32S8 D32S16 Packed-D24S8 
20:28:28: FBO PF_A8 depth/stencil support: D0S0 D0S1 D0S4 D0S8 D0S16 D16S0 D16S1 D16S4 D16S8 D16S16 D24S0 D24S1 D24S4 D24S8 D24S16 D32S0 D32S1 D32S4 D32S8 D32S16 Packed-D24S8 
20:28:28: FBO PF_R5G6B5 depth/stencil support: D0S0 D0S1 D0S4 D0S8 D0S16 D16S0 D16S1 D16S4 D16S8 D16S16 D24S0 D24S1 D24S4 D24S8 D24S16 D32S0 D32S1 D32S4 D32S8 D32S16 Packed-D24S8 
20:28:28: FBO PF_B5G6R5 depth/stencil support: D0S0 D0S1 D0S4 D0S8 D0S16 D16S0 D16S1 D16S4 D16S8 D16S16 D24S0 D24S1 D24S4 D24S8 D24S16 D32S0 D32S1 D32S4 D32S8 D32S16 Packed-D24S8 
20:28:28: FBO PF_A4R4G4B4 depth/stencil support: D0S0 D0S1 D0S4 D0S8 D0S16 D16S0 D16S1 D16S4 D16S8 D16S16 D24S0 D24S1 D24S4 D24S8 D24S16 D32S0 D32S1 D32S4 D32S8 D32S16 Packed-D24S8 
20:28:28: FBO PF_A1R5G5B5 depth/stencil support: D0S0 D0S1 D0S4 D0S8 D0S16 D16S0 D16S1 D16S4 D16S8 D16S16 D24S0 D24S1 D24S4 D24S8 D24S16 D32S0 D32S1 D32S4 D32S8 D32S16 Packed-D24S8 
20:28:28: FBO PF_R8G8B8 depth/stencil support: D0S0 D0S1 D0S4 D0S8 D0S16 D16S0 D16S1 D16S4 D16S8 D16S16 D24S0 D24S1 D24S4 D24S8 D24S16 D32S0 D32S1 D32S4 D32S8 D32S16 Packed-D24S8 
20:28:28: FBO PF_B8G8R8 depth/stencil support: D0S0 D0S1 D0S4 D0S8 D0S16 D16S0 D16S1 D16S4 D16S8 D16S16 D24S0 D24S1 D24S4 D24S8 D24S16 D32S0 D32S1 D32S4 D32S8 D32S16 Packed-D24S8 
20:28:28: FBO PF_A8R8G8B8 depth/stencil support: D0S0 D0S1 D0S4 D0S8 D0S16 D16S0 D16S1 D16S4 D16S8 D16S16 D24S0 D24S1 D24S4 D24S8 D24S16 D32S0 D32S1 D32S4 D32S8 D32S16 Packed-D24S8 
20:28:28: FBO PF_B8G8R8A8 depth/stencil support: D0S0 D0S1 D0S4 D0S8 D0S16 D16S0 D16S1 D16S4 D16S8 D16S16 D24S0 D24S1 D24S4 D24S8 D24S16 D32S0 D32S1 D32S4 D32S8 D32S16 Packed-D24S8 
20:28:28: FBO PF_A2R10G10B10 depth/stencil support: D0S0 D0S1 D0S4 D0S8 D0S16 D16S0 D16S1 D16S4 D16S8 D16S16 D24S0 D24S1 D24S4 D24S8 D24S16 D32S0 D32S1 D32S4 D32S8 D32S16 Packed-D24S8 
20:28:28: FBO PF_A2B10G10R10 depth/stencil support: D0S0 D0S1 D0S4 D0S8 D0S16 D16S0 D16S1 D16S4 D16S8 D16S16 D24S0 D24S1 D24S4 D24S8 D24S16 D32S0 D32S1 D32S4 D32S8 D32S16 Packed-D24S8 
20:28:28: FBO PF_FLOAT16_RGB depth/stencil support: D0S0 D0S1 D0S4 D0S8 D0S16 D16S0 D16S1 D16S4 D16S8 D16S16 D24S0 D24S1 D24S4 D24S8 D24S16 D32S0 D32S1 D32S4 D32S8 D32S16 Packed-D24S8 
20:28:28: FBO PF_FLOAT16_RGBA depth/stencil support: D0S0 D0S1 D0S4 D0S8 D0S16 D16S0 D16S1 D16S4 D16S8 D16S16 D24S0 D24S1 D24S4 D24S8 D24S16 D32S0 D32S1 D32S4 D32S8 D32S16 Packed-D24S8 
20:28:28: FBO PF_FLOAT32_RGB depth/stencil support: D0S0 D0S1 D0S4 D0S8 D0S16 D16S0 D16S1 D16S4 D16S8 D16S16 D24S0 D24S1 D24S4 D24S8 D24S16 D32S0 D32S1 D32S4 D32S8 D32S16 Packed-D24S8 
20:28:28: FBO PF_FLOAT32_RGBA depth/stencil support: D0S0 D0S1 D0S4 D0S8 D0S16 D16S0 D16S1 D16S4 D16S8 D16S16 D24S0 D24S1 D24S4 D24S8 D24S16 D32S0 D32S1 D32S4 D32S8 D32S16 Packed-D24S8 
20:28:28: FBO PF_X8R8G8B8 depth/stencil support: D0S0 D0S1 D0S4 D0S8 D0S16 D16S0 D16S1 D16S4 D16S8 D16S16 D24S0 D24S1 D24S4 D24S8 D24S16 D32S0 D32S1 D32S4 D32S8 D32S16 Packed-D24S8 
20:28:28: FBO PF_X8B8G8R8 depth/stencil support: D0S0 D0S1 D0S4 D0S8 D0S16 D16S0 D16S1 D16S4 D16S8 D16S16 D24S0 D24S1 D24S4 D24S8 D24S16 D32S0 D32S1 D32S4 D32S8 D32S16 Packed-D24S8 
20:28:28: FBO PF_SHORT_RGBA depth/stencil support: D0S0 D0S1 D0S4 D0S8 D0S16 D16S0 D16S1 D16S4 D16S8 D16S16 D24S0 D24S1 D24S4 D24S8 D24S16 D32S0 D32S1 D32S4 D32S8 D32S16 Packed-D24S8 
20:28:28: FBO PF_R3G3B2 depth/stencil support: D0S0 D0S1 D0S4 D0S8 D0S16 D16S0 D16S1 D16S4 D16S8 D16S16 D24S0 D24S1 D24S4 D24S8 D24S16 D32S0 D32S1 D32S4 D32S8 D32S16 Packed-D24S8 
20:28:28: FBO PF_SHORT_RGB depth/stencil support: D0S0 D0S1 D0S4 D0S8 D0S16 D16S0 D16S1 D16S4 D16S8 D16S16 D24S0 D24S1 D24S4 D24S8 D24S16 D32S0 D32S1 D32S4 D32S8 D32S16 Packed-D24S8 
20:28:28: [GL] : Valid FBO targets PF_UNKNOWN PF_A8 PF_R5G6B5 PF_B5G6R5 PF_A4R4G4B4 PF_A1R5G5B5 PF_R8G8B8 PF_B8G8R8 PF_A8R8G8B8 PF_B8G8R8A8 PF_A2R10G10B10 PF_A2B10G10R10 PF_FLOAT16_RGB PF_FLOAT16_RGBA PF_FLOAT32_RGB PF_FLOAT32_RGBA PF_X8R8G8B8 PF_X8B8G8R8 PF_SHORT_RGBA PF_R3G3B2 PF_SHORT_RGB 
20:28:28: RenderSystem capabilities
20:28:28: -------------------------
20:28:28: RenderSystem Name: OpenGL Rendering Subsystem
20:28:28: GPU Vendor: intel
20:28:28: Device Name: Intel(R) HD Graphics 4000
20:28:28: Driver Version: 4.0.0.0
20:28:28:  * Fixed function pipeline: yes
20:28:28:  * Hardware generation of mipmaps: no
20:28:28:  * Texture blending: yes
20:28:28:  * Anisotropic texture filtering: yes
20:28:28:  * Dot product texture operation: yes
20:28:28:  * Cube mapping: yes
20:28:28:  * Hardware stencil buffer: yes
20:28:28:    - Stencil depth: 8
20:28:28:    - Two sided stencil support: yes
20:28:28:    - Wrap stencil values: yes
20:28:28:  * Hardware vertex / index buffers: yes
20:28:28:  * 32-bit index buffers: yes
20:28:28:  * Vertex programs: yes
20:28:28:  * Number of floating-point constants for vertex programs: 256
20:28:28:  * Number of integer constants for vertex programs: 0
20:28:28:  * Number of boolean constants for vertex programs: 0
20:28:28:  * Fragment programs: yes
20:28:28:  * Number of floating-point constants for fragment programs: 256
20:28:28:  * Number of integer constants for fragment programs: 0
20:28:28:  * Number of boolean constants for fragment programs: 0
20:28:28:  * Geometry programs: yes
20:28:28:  * Number of floating-point constants for geometry programs: 4096
20:28:28:  * Number of integer constants for geometry programs: 0
20:28:28:  * Number of boolean constants for geometry programs: 0
20:28:28:  * Tesselation Hull programs: no
20:28:28:  * Number of floating-point constants for tesselation hull programs: 0
20:28:28:  * Number of integer constants for tesselation hull programs: 0
20:28:28:  * Number of boolean constants for tesselation hull programs: 15
20:28:28:  * Tesselation Domain programs: no
20:28:28:  * Number of floating-point constants for tesselation domain programs: 0
20:28:28:  * Number of integer constants for tesselation domain programs: 17898
20:28:28:  * Number of boolean constants for tesselation domain programs: 0
20:28:28:  * Compute programs: no
20:28:28:  * Number of floating-point constants for compute programs: 31008
20:28:28:  * Number of integer constants for compute programs: 0
20:28:28:  * Number of boolean constants for compute programs: 0
20:28:28:  * Supported Shader Profiles: arbfp1 arbvp1 glsl glsl100 glsl110 glsl120 gp4gp gpu_gp nvgp4
20:28:28:  * Texture Compression: yes
20:28:28:    - DXT: yes
20:28:28:    - VTC: no
20:28:28:    - PVRTC: no
20:28:28:    - ATC: no
20:28:28:    - ETC1: no
20:28:28:    - ETC2: no
20:28:28:    - BC4/BC5: no
20:28:28:    - BC6H/BC7: no
20:28:28:  * Scissor Rectangle: yes
20:28:28:  * Hardware Occlusion Query: yes
20:28:28:  * User clip planes: yes
20:28:28:  * VET_UBYTE4 vertex element type: yes
20:28:28:  * Infinite far plane projection: yes
20:28:28:  * Hardware render-to-texture: yes
20:28:28:  * Floating point textures: yes
20:28:28:  * Non-power-of-two textures: yes
20:28:28:  * 1d textures: yes
20:28:28:  * Volume textures: yes
20:28:28:  * Multiple Render Targets: 8
20:28:28:    - With different bit depths: yes
20:28:28:  * Point Sprites: yes
20:28:28:  * Extended point parameters: yes
20:28:28:  * Max Point Size: 255
20:28:28:  * Vertex texture fetch: yes
20:28:28:  * Number of world matrices: 0
20:28:28:  * Number of texture units: 16
20:28:28:  * Stencil buffer depth: 8
20:28:28:  * Number of vertex blend matrices: 0
20:28:28:    - Max vertex textures: 16
20:28:28:    - Vertex textures shared: yes
20:28:28:  * Render to Vertex Buffer : no
20:28:28:  * Hardware Atomic Counters: no
20:28:28:  * GL 1.5 without VBO workaround: no
20:28:28:  * Frame Buffer objects: yes
20:28:28:  * Frame Buffer objects (ARB extension): no
20:28:28:  * Frame Buffer objects (ATI extension): no
20:28:28:  * PBuffer support: yes
20:28:28:  * GL 1.5 without HW-occlusion workaround: no
20:28:28:  * Vertex Array Objects: no
20:28:28:  * Separate shader objects: no
20:28:28: DefaultWorkQueue('Root') initialising on thread main.
20:28:28: Particle Renderer Type 'billboard' registered
20:28:28: OverlayElementFactory for type Panel registered.
20:28:28: OverlayElementFactory for type BorderPanel registered.
20:28:28: OverlayElementFactory for type TextArea registered.
20:28:28: Registering ResourceManager for type Font
20:28:28: Parsing scripts for resource group App_Resource_Group
20:28:28: Parsing script OgreCore.material
20:28:28: Parsing script OgreProfiler.material
20:28:28: Parsing script PhysCore.material
20:28:28: Parsing script BlueAxes.material
20:28:28: Parsing script Blueball.material
20:28:28: Parsing script DoorEntity_GD.material
20:28:28: Parsing script EntityFlags.material
20:28:28: Parsing script Gizmo.material
20:28:28: Parsing script GreenAxes.material
20:28:28: Parsing script PicksightOverlay.material
20:28:28: Parsing script RedAxes.material
20:28:28: Parsing script Ring.material
20:28:28: Parsing script Sky.material
20:28:28: Parsing script SoundEntity_GD.material
20:28:28: Parsing script Test_cube.material
20:28:28: Parsing script Editor.material
20:28:28: Parsing script PhysCore.material
20:28:28: Parsing script EntityFlags.material
20:28:28: Parsing script SdkTrays.material
20:28:28: Parsing script smoke.material
20:28:28: Parsing script Example.particle
20:28:28: Parsing script Ogre.fontdef
20:28:28: Parsing script SdkTrays.fontdef
20:28:28: Parsing script sample.fontdef
20:28:28: Parsing script OgreDebugPanel.overlay
20:28:28: Texture: New_Ogre_Border_Center2.png: Loading 1 faces(PF_A8R8G8B8,256x128x1) with 0 generated mipmaps from Image. Internal format is PF_A8R8G8B8,256x128x1.
20:28:28: Texture: New_Ogre_Border_Center.png: Loading 1 faces(PF_A8R8G8B8,256x128x1) with 0 generated mipmaps from Image. Internal format is PF_A8R8G8B8,256x128x1.
20:28:28: Texture: New_Ogre_Border_Break.png: Loading 1 faces(PF_A8R8G8B8,32x32x1) with 0 generated mipmaps from Image. Internal format is PF_A8R8G8B8,32x32x1.
20:28:28: Parsing script OgreLoadingPanel.overlay
20:28:28: Parsing script ObjectName.overlay
20:28:28: Texture: Center.png: Loading 1 faces(PF_A8R8G8B8,32x32x1) with 0 generated mipmaps from Image. Internal format is PF_A8R8G8B8,32x32x1.
20:28:28: Parsing script PhysicsDebugPanel.overlay
20:28:28: Parsing script Picksight.Overlay
20:28:28: Texture: Crosshair.png: Loading 1 faces(PF_A8R8G8B8,32x32x1) with 0 generated mipmaps from Image. Internal format is PF_A8R8G8B8,32x32x1.
20:28:28: Parsing script TestHudPanel.overlay
20:28:28: Parsing script PhysicsDebugPanel.overlay
20:28:28: Skipping loading overlay include: 'PhysicsDebugPanel.overlay as it is already loaded.
20:28:28: Parsing script ObjectName.overlay
20:28:28: Skipping loading overlay include: 'ObjectName.overlay as it is already loaded.
20:28:28: Parsing script Camera.overlay
20:28:28: Parsing script SdkTrays.overlay
20:28:28: Bad element attribute line: '# you can offset the image to change the cursor "hotspot"' for element SdkTrays/Cursor in overlay 
20:28:28: Texture: sdk_cursor.png: Loading 1 faces(PF_A8R8G8B8,32x32x1) with 0 generated mipmaps from Image. Internal format is PF_A8R8G8B8,32x32x1.
20:28:28: Texture: sdk_tray.png: Loading 1 faces(PF_A8R8G8B8,64x64x1) with 0 generated mipmaps from Image. Internal format is PF_A8R8G8B8,64x64x1.
20:28:28: Texture: sdk_button_up.png: Loading 1 faces(PF_A8R8G8B8,128x32x1) with 0 generated mipmaps from Image. Internal format is PF_A8R8G8B8,128x32x1.
20:28:28: Texture: sdk_text_box.png: Loading 1 faces(PF_A8R8G8B8,32x32x1) with 0 generated mipmaps from Image. Internal format is PF_A8R8G8B8,32x32x1.
20:28:28: Texture: sdk_mini_tray.png: Loading 1 faces(PF_A8R8G8B8,32x32x1) with 0 generated mipmaps from Image. Internal format is PF_A8R8G8B8,32x32x1.
20:28:28: Texture: sdk_track.png: Loading 1 faces(PF_A8R8G8B8,16x32x1) with 0 generated mipmaps from Image. Internal format is PF_A8R8G8B8,16x32x1.
20:28:28: Texture: sdk_handle.png: Loading 1 faces(PF_A8R8G8B8,16x16x1) with 0 generated mipmaps from Image. Internal format is PF_A8R8G8B8,16x16x1.
20:28:28: Texture: sdk_mini_text_box.png: Loading 1 faces(PF_A8R8G8B8,32x32x1) with 0 generated mipmaps from Image. Internal format is PF_A8R8G8B8,32x32x1.
20:28:28: Texture: sdk_label.png: Loading 1 faces(PF_A8R8G8B8,32x32x1) with 0 generated mipmaps from Image. Internal format is PF_A8R8G8B8,32x32x1.
20:28:28: Texture: sdk_separator.png: Loading 1 faces(PF_A8R8G8B8,64x16x1) with 0 generated mipmaps from Image. Internal format is PF_A8R8G8B8,64x16x1.
20:28:28: Texture: sdk_logo.png: Loading 1 faces(PF_A8R8G8B8,128x64x1) with 0 generated mipmaps from Image. Internal format is PF_A8R8G8B8,128x64x1.
20:28:28: Texture: sdk_shade.png: Loading 1 faces(PF_A8R8G8B8,64x48x1) with 0 generated mipmaps from Image. Internal format is PF_A8R8G8B8,64x48x1.
20:28:28: Texture: sdk_frame.png: Loading 1 faces(PF_A8R8G8B8,32x32x1) with 0 generated mipmaps from Image. Internal format is PF_A8R8G8B8,32x32x1.
20:28:28: Texture: sdk_mini_text_box_over.png: Loading 1 faces(PF_A8R8G8B8,32x32x1) with 0 generated mipmaps from Image. Internal format is PF_A8R8G8B8,32x32x1.
20:28:28: Texture: sdk_pulse.png: Loading 1 faces(PF_R8G8B8,8x1x1) with 0 generated mipmaps from Image. Internal format is PF_X8R8G8B8,8x1x1.
20:28:28: Finished parsing scripts for resource group App_Resource_Group
20:28:28: Creating resources for group App_Resource_Group
20:28:28: All done
20:28:28: Parsing scripts for resource group Autodetect
20:28:28: Finished parsing scripts for resource group Autodetect
20:28:28: Creating resources for group Autodetect
20:28:28: All done
20:28:28: Parsing scripts for resource group Equity_Resource_Group
20:28:28: Finished parsing scripts for resource group Equity_Resource_Group
20:28:28: Creating resources for group Equity_Resource_Group
20:28:28: All done
20:28:28: Parsing scripts for resource group General
20:28:28: Finished parsing scripts for resource group General
20:28:28: Creating resources for group General
20:28:28: All done
20:28:28: Parsing scripts for resource group Internal
20:28:28: Finished parsing scripts for resource group Internal
20:28:28: Creating resources for group Internal
20:28:28: All done
20:28:28: Font MyFont using texture size 1024x512
20:28:28: Info: Freetype returned null for character 160 in font MyFont
20:28:28: Texture: MyFontTexture: Loading 1 faces(PF_BYTE_LA,1024x512x1) with 0 generated mipmaps from Image. Internal format is PF_BYTE_LA,1024x512x1.
20:28:28: GLSL compiling: imgui/VP/GL150
20:28:28: GLSL compiled: 
20:28:28: GLSL compiling: imgui/FP/GL150
20:28:28: GLSL compiled: 
20:28:28: Vertex Program:imgui/VP/GL150 Fragment Program:imgui/FP/GL150 GLSL link result : 
20:28:38: Error prior to using GLSL Program Object : invalid enumerant
20:28:46: DefaultWorkQueue('Root') shutting down on thread main.
20:28:46: *-*-* OGRE Shutdown
20:28:46: Unregistering ResourceManager for type Compositor
20:28:46: Unregistering ResourceManager for type Skeleton
20:28:46: Unregistering ResourceManager for type Mesh
20:28:46: Unregistering ResourceManager for type HighLevelGpuProgram
20:28:46: Uninstalling plugin: ParticleFX
20:28:46: Plugin successfully uninstalled
20:28:46: Unloading library .\Plugin_ParticleFX
20:28:46: Uninstalling plugin: GL RenderSystem
20:28:46: Unregistering ResourceManager for type GpuProgram
20:28:46: *** Stopping Win32GL Subsystem ***
20:28:46: Unregistering ResourceManager for type Texture
20:28:46: Plugin successfully uninstalled
20:28:46: Unloading library .\RenderSystem_GL
20:28:46: Unregistering ResourceManager for type Material
